<?xml version="1.0" encoding="UTF-8"?>
<!-- Generated by org.testng.reporters.JUnitReportReporter -->
<testsuite skipped="0" hostname="1910VN30" name="maytinhcanhan.test.MethotTest" tests="1" failures="0" timestamp="2019-11-27T15:03:02 ICT" time="0.004" errors="0">
  <testcase name="testMaytinhcanhan" time="0.004" classname="maytinhcanhan.test.MethotTest"/>
</testsuite> <!-- maytinhcanhan.test.MethotTest -->
